<?xml version="1.0" encoding="UTF-8"?>
<!-- Generated by org.testng.reporters.JUnitReportReporter -->
<testsuite hostname="LAPTOP-V48UUGBS" failures="0" tests="1" name="ApiTestCases.TC004_GetRequestPrintallHeaders" time="4.012" errors="0" timestamp="2021-03-06T05:20:40 IST" skipped="0">
  <testcase classname="ApiTestCases.TC004_GetRequestPrintallHeaders" name="GetWeatherDetails" time="4.012"/>
  <system-out/>
</testsuite> <!-- ApiTestCases.TC004_GetRequestPrintallHeaders -->
