<?xml version="1.0" encoding="UTF-8"?>
<!-- Generated by org.testng.reporters.JUnitReportReporter -->
<testsuite hostname="LAPTOP-V48UUGBS" failures="0" tests="1" name="ApiTestCases.TC003_GetRequest_HeadersValidations" time="2.154" errors="0" timestamp="2021-02-23T07:47:08 IST" skipped="0">
  <testcase classname="ApiTestCases.TC003_GetRequest_HeadersValidations" name="googlemapTest" time="2.154"/>
  <system-out/>
</testsuite> <!-- ApiTestCases.TC003_GetRequest_HeadersValidations -->
