<?xml version="1.0" encoding="UTF-8"?>
<!-- Generated by org.testng.reporters.JUnitReportReporter -->
<testsuite skipped="0" hostname="HOME" name="restassuredTests.PUT_Request" tests="1" failures="0" timestamp="21 Dec 2019 06:26:09 GMT" time="3.982" errors="0">
  <testcase name="putTest" time="3.982" classname="restassuredTests.PUT_Request"/>
</testsuite> <!-- restassuredTests.PUT_Request -->
