<?xml version="1.0" encoding="UTF-8"?>
<!-- Generated by org.testng.reporters.JUnitReportReporter -->
<testsuite skipped="0" hostname="HOME" name="restassuredTests.BasicValidations_JSON" tests="5" failures="0" timestamp="23 Dec 2019 10:20:01 GMT" time="3.575" errors="0">
  <testcase name="testStatusCode" time="2.324" classname="restassuredTests.BasicValidations_JSON"/>
  <testcase name="testLogResponse" time="0.232" classname="restassuredTests.BasicValidations_JSON"/>
  <testcase name="testSingleContent" time="0.563" classname="restassuredTests.BasicValidations_JSON"/>
  <testcase name="testMultipleContents" time="0.288" classname="restassuredTests.BasicValidations_JSON"/>
  <testcase name="testParametersandHeaders" time="0.168" classname="restassuredTests.BasicValidations_JSON"/>
</testsuite> <!-- restassuredTests.BasicValidations_JSON -->
