<?xml version="1.0" encoding="UTF-8"?>
<!-- Generated by org.testng.reporters.JUnitReportReporter -->
<testsuite skipped="0" hostname="HOME" name="restassuredTests.BasicValidatons_XML" tests="5" failures="0" timestamp="23 Dec 2019 10:35:28 GMT" time="4.974" errors="0">
  <testcase name="testSingleContent" time="2.920" classname="restassuredTests.BasicValidatons_XML"/>
  <testcase name="testMultipleContent" time="0.597" classname="restassuredTests.BasicValidatons_XML"/>
  <testcase name="testMultipleContentINOneGo" time="0.424" classname="restassuredTests.BasicValidatons_XML"/>
  <testcase name="testUsingXPath1" time="0.569" classname="restassuredTests.BasicValidatons_XML"/>
  <testcase name="testUsingXpath2" time="0.464" classname="restassuredTests.BasicValidatons_XML"/>
</testsuite> <!-- restassuredTests.BasicValidatons_XML -->
