<?xml version="1.0" encoding="UTF-8"?>
<!-- Generated by org.testng.reporters.JUnitReportReporter -->
<testsuite skipped="0" hostname="HOME" name="serializationDeserialization.StudentAPITestNoSerialization" tests="2" failures="0" timestamp="24 Dec 2019 17:33:21 GMT" time="3.072" errors="0">
  <testcase name="createNewStudent" time="2.524" classname="serializationDeserialization.StudentAPITestNoSerialization"/>
  <testcase name="getStudentDetails" time="0.548" classname="serializationDeserialization.StudentAPITestNoSerialization"/>
</testsuite> <!-- serializationDeserialization.StudentAPITestNoSerialization -->
