<?xml version="1.0" encoding="UTF-8"?>
<!-- Generated by org.testng.reporters.JUnitReportReporter -->
<testsuite skipped="0" hostname="HOME" name="restassuredTests.DELETE_Request" tests="1" failures="0" timestamp="21 Dec 2019 07:08:05 GMT" time="3.929" errors="0">
  <testcase name="deleteEmployeeRecord" time="3.929" classname="restassuredTests.DELETE_Request"/>
</testsuite> <!-- restassuredTests.DELETE_Request -->
