<?xml version="1.0" encoding="UTF-8"?>
<!-- Generated by org.testng.reporters.JUnitReportReporter -->
<testsuite skipped="0" hostname="HOME" name="restassuredTests.GET_Request" tests="1" failures="0" timestamp="19 Dec 2019 11:41:24 GMT" time="3.362" errors="0">
  <testcase name="getWeatherDetails" time="3.362" classname="restassuredTests.GET_Request"/>
</testsuite> <!-- restassuredTests.GET_Request -->
